[23:11:25.744] Global cache location '/Users/phi/Library/Caches/typescript/4.4', safe file path '/users/phi/code/src/github.com/fediuni/fediunifrontend/node_modules/typescript/lib/typingsafelist.json', types map path /users/phi/code/src/github.com/fediuni/fediunifrontend/node_modules/typescript/lib/typesmap.json
[23:11:25.745] Processing cache location '/Users/phi/Library/Caches/typescript/4.4'
[23:11:25.745] Trying to find '/Users/phi/Library/Caches/typescript/4.4/package.json'...
[23:11:25.748] Loaded content of '/Users/phi/Library/Caches/typescript/4.4/package.json': {"private":true,"dependencies":{"types-registry":"^0.1.578"},"devDependencies":{"@types/abbrev":"^1.1.2","@types/accepts":"^1.3.5","@types/angular":"^1.8.3","@types/angular-animate":"^1.5.11","@types/angular-mocks":"^1.7.1","@types/angular-route":"^1.7.2","@types/angular-ui-bootstrap":"^1.0.1","@types/angular-xeditable":"^0.2.7","@types/are-we-there-yet":"^1.1.0","@types/argparse":"^2.0.10","@types/aria-query":"^5.0.0","@types/array.prototype.flat":"^1.2.1","@types/async":"^3.2.9","@types/atob":"^2.1.2","@types/babel__code-frame":"^7.0.3","@types/babel__core":"^7.1.16","@types/babel__generator":"^7.6.3","@types/babel__template":"^7.4.1","@types/babel__traverse":"^7.14.2","@types/balanced-match":"^1.0.1","@types/base64id":"^2.0.0","@types/big.js":"^6.1.2","@types/bl":"^5.0.2","@types/body-parser":"^1.19.1","@types/bonjour":"^3.5.9","@types/boolbase":"^1.0.0","@types/bootstrap":"^5.1.6","@types/brace-expansion":"^1.1.0","@types/braces":"^3.0.1","@types/browserify":"^12.0.37","@types/buffer-crc32":"^0.2.0","@types/buffer-from":"^1.1.0","@types/bytes":"^3.1.1","@types/cacache":"^15.0.1","@types/cacheable-request":"^6.0.2","@types/call-bind":"^1.0.0","@types/caniuse-lite":"^1.0.1","@types/chardet":"^0.8.1","@types/chownr":"^1.0.0","@types/circular-dependency-plugin":"^5.0.5","@types/cli-spinners":"^1.3.0","@types/clone":"^2.1.1","@types/clone-deep":"^4.0.1","@types/coffeescript":"^2.5.1","@types/color-convert":"^2.0.0","@types/color-name":"^1.1.1","@types/commondir":"^1.0.0","@types/component-emitter":"^1.2.11","@types/compressible":"^2.0.0","@types/compression":"^1.7.2","@types/concat-map":"^0.0.1","@types/concat-stream":"^1.6.1","@types/connect":"^3.4.35","@types/connect-history-api-fallback":"^1.3.5","@types/content-disposition":"^0.5.4","@types/content-type":"^1.1.5","@types/convert-source-map":"^1.5.2","@types/cookie":"^0.4.1","@types/cookie-signature":"^1.0.3","@types/copy-webpack-plugin":"^8.0.1","@types/copyfiles":"^2.4.1","@types/core-js":"^2.5.5","@types/cors":"^2.8.12","@types/cross-spawn":"^6.0.2","@types/css":"^0.0.33","@types/cssesc":"^3.0.0","@types/debug":"^4.1.7","@types/decode-uri-component":"^0.2.0","@types/deep-equal":"^1.0.1","@types/default-gateway":"^3.0.1","@types/defaults":"^1.0.3","@types/define-properties":"^1.1.3","@types/depd":"^1.1.32","@types/destroy":"^1.0.0","@types/detect-node":"^2.0.0","@types/di":"^0.0.1","@types/diff":"^5.0.1","@types/dir-glob":"^2.0.1","@types/dns-packet":"^5.2.2","@types/doctrine":"^0.0.5","@types/duplexer3":"^0.1.1","@types/ee-first":"^1.1.0","@types/electron-installer-dmg":"^3.0.0","@types/encodeurl":"^1.0.0","@types/end-of-stream":"^1.4.1","@types/ent":"^2.2.5","@types/es-abstract":"^1.17.3","@types/es-to-primitive":"^1.2.4","@types/escape-html":"^1.0.1","@types/eslint":"^8.2.0","@types/eslint-config-prettier":"^6.11.0","@types/eslint-scope":"^3.7.1","@types/eslint-utils":"^3.0.0","@types/eslint-visitor-keys":"^1.0.0","@types/esprima":"^4.0.3","@types/esquery":"^1.0.2","@types/estraverse":"^5.1.1","@types/esutils":"^2.0.0","@types/etag":"^1.8.1","@types/events":"^3.0.0","@types/express":"^4.17.13","@types/extend":"^3.0.1","@types/fast-levenshtein":"^0.0.2","@types/file-entry-cache":"^5.0.2","@types/finalhandler":"^1.1.1","@types/find-cache-dir":"^3.2.1","@types/flat-cache":"^2.0.0","@types/follow-redirects":"^1.13.1","@types/forwarded":"^0.1.0","@types/fresh":"^0.5.0","@types/fs-extra":"^9.0.13","@types/function-bind":"^1.1.6","@types/functional-red-black-tree":"^1.0.1","@types/get-intrinsic":"^1.0.0","@types/glob":"^7.2.0","@types/glob-parent":"^5.1.1","@types/glob-to-regexp":"^0.4.1","@types/global-agent":"^2.1.1","@types/global-tunnel-ng":"^2.1.1","@types/globalthis":"^1.0.1","@types/got":"^9.6.12","@types/graceful-fs":"^4.1.5","@types/has":"^1.0.0","@types/has-symbols":"^1.0.0","@types/hosted-git-info":"^3.0.2","@types/html-escaper":"^3.0.0","@types/http-cache-semantics":"^4.0.1","@types/http-errors":"^1.8.1","@types/http-proxy":"^1.17.7","@types/humanize-ms":"^1.2.1","@types/icss-utils":"^4.1.0","@types/ignore-walk":"^4.0.0","@types/imurmurhash":"^0.1.1","@types/inherits":"^0.0.30","@types/ini":"^1.3.31","@types/inquirer":"^8.1.3","@types/internal-slot":"^1.0.1","@types/ip":"^1.1.0","@types/is-arguments":"^1.0.0","@types/is-bigint":"^1.0.0","@types/is-boolean-object":"^1.1.0","@types/is-callable":"^1.1.0","@types/is-core-module":"^2.2.0","@types/is-date-object":"^1.0.1","@types/is-glob":"^4.0.2","@types/is-number":"^7.0.1","@types/is-regex":"^1.0.0","@types/is-string":"^1.0.0","@types/isarray":"^2.0.0","@types/isexe":"^2.0.1","@types/istanbul":"^0.4.30","@types/istanbul-lib-coverage":"^2.0.3","@types/istanbul-lib-instrument":"^1.7.4","@types/istanbul-lib-report":"^3.0.0","@types/istanbul-lib-source-maps":"^4.0.1","@types/istanbul-reports":"^3.0.1","@types/jasmine":"^3.10.2","@types/jasmine-jquery":"^1.5.34","@types/jasmine-node":"^1.14.36","@types/jquery":"^3.5.9","@types/js-yaml":"^4.0.4","@types/jsesc":"^3.0.1","@types/jshint":"^2.12.1","@types/json-buffer":"^3.0.0","@types/json-parse-better-errors":"^1.0.0","@types/json-stringify-safe":"^5.0.0","@types/jsonfile":"^6.0.1","@types/karma":"^6.3.1","@types/karma-browserify":"^7.0.1","@types/karma-chrome-launcher":"^3.1.1","@types/karma-coverage":"^2.0.1","@types/karma-jasmine":"^4.0.2","@types/karma-jasmine-html-reporter":"^1.7.0","@types/karma-spec-reporter":"^0.0.2","@types/keyv":"^3.1.3","@types/kind-of":"^6.0.0","@types/less":"^3.0.3","@types/loader-runner":"^2.2.4","@types/loader-utils":"^2.0.3","@types/lodash":"^4.14.177","@types/lodash.debounce":"^4.0.6","@types/lodash.merge":"^4.6.6","@types/lru-cache":"^5.1.1","@types/make-fetch-happen":"^9.0.1","@types/media-typer":"^1.1.1","@types/merge-descriptors":"^1.0.1","@types/merge-stream":"^1.1.2","@types/merge2":"^1.3.1","@types/methods":"^1.1.1","@types/micromatch":"^4.0.2","@types/mime":"^2.0.3","@types/mime-db":"^1.43.1","@types/mime-types":"^2.1.1","@types/mini-css-extract-plugin":"^2.4.0","@types/minimalistic-assert":"^1.0.1","@types/minimatch":"^3.0.5","@types/minimist":"^1.2.2","@types/minipass":"^3.1.0","@types/minizlib":"^2.1.2","@types/mkdirp":"^1.0.2","@types/ms":"^0.7.31","@types/multicast-dns":"^7.2.1","@types/mute-stream":"^0.0.1","@types/natural-compare":"^1.4.1","@types/needle":"^2.5.2","@types/negotiator":"^0.6.1","@types/node-forge":"^0.10.9","@types/nopt":"^3.0.29","@types/normalize-path":"^3.0.0","@types/npm-package-arg":"^6.1.1","@types/npm-packlist":"^1.1.2","@types/npm-registry-fetch":"^8.0.2","@types/npmlog":"^4.1.3","@types/num2fraction":"^1.2.0","@types/number-is-nan":"^2.0.0","@types/object-assign":"^4.0.30","@types/object-inspect":"^1.8.1","@types/object-keys":"^1.0.1","@types/on-finished":"^2.3.1","@types/on-headers":"^1.0.0","@types/once":"^1.4.0","@types/os-tmpdir":"^1.0.0","@types/pacote":"^11.1.1","@types/pako":"^1.0.2","@types/parse-json":"^4.0.0","@types/parse-node-version":"^1.0.0","@types/parse5":"^6.0.2","@types/parse5-html-rewriting-stream":"^5.1.2","@types/parse5-htmlparser2-tree-adapter":"^6.0.1","@types/parse5-sax-parser":"^5.0.2","@types/parseurl":"^1.3.1","@types/path-is-absolute":"^1.0.0","@types/path-parse":"^1.0.19","@types/picomatch":"^2.3.0","@types/pify":"^5.0.1","@types/postcss-gap-properties":"^2.0.1","@types/postcss-import":"^12.0.1","@types/postcss-modules-extract-imports":"^3.0.2","@types/postcss-modules-local-by-default":"^1.2.2","@types/postcss-modules-scope":"^1.1.2","@types/postcss-modules-values":"^3.0.0","@types/postcss-preset-env":"^6.7.3","@types/prelude-ls":"^1.1.29","@types/progress":"^2.0.5","@types/promise-fs":"^2.1.2","@types/promise-inflight":"^1.0.0","@types/promise-retry":"^1.1.3","@types/proxy-addr":"^2.0.0","@types/pump":"^1.1.1","@types/punycode":"^2.1.0","@types/qs":"^6.9.7","@types/randombytes":"^2.0.0","@types/range-parser":"^1.2.4","@types/readable-stream":"^2.3.11","@types/regenerate":"^1.4.1","@types/regenerator-runtime":"^0.13.1","@types/require-directory":"^2.1.2","@types/require-from-string":"^1.2.1","@types/requirejs":"^2.1.34","@types/requires-port":"^1.0.0","@types/resolve":"^1.20.1","@types/responselike":"^1.0.0","@types/retry":"^0.12.1","@types/rimraf":"^3.0.2","@types/roarr":"^2.14.3","@types/run-parallel":"^1.1.0","@types/safer-buffer":"^2.1.0","@types/sass":"^1.43.0","@types/sass-loader":"^8.0.2","@types/sax":"^1.2.3","@types/semver":"^7.3.9","@types/semver-compare":"^1.0.1","@types/send":"^0.17.1","@types/serialize-javascript":"^5.0.1","@types/serve-index":"^1.9.1","@types/serve-static":"^1.13.10","@types/shebang-command":"^1.2.0","@types/signal-exit":"^3.0.1","@types/sockjs":"^0.3.33","@types/source-map-support":"^0.5.4","@types/spdx-expression-parse":"^3.0.1","@types/spdy":"^3.4.5","@types/sprintf":"^0.1.0","@types/sprintf-js":"^1.1.2","@types/ssri":"^7.1.1","@types/statuses":"^2.0.0","@types/strip-final-newline":"^3.0.0","@types/stylus":"^0.48.36","@types/supports-color":"^8.1.1","@types/tar":"^6.1.0","@types/text-table":"^0.2.2","@types/through":"^0.0.30","@types/thunky":"^1.1.0","@types/tmp":"^0.2.2","@types/tunnel":"^0.0.3","@types/type-check":"^0.3.27","@types/type-is":"^1.6.3","@types/ua-parser-js":"^0.7.36","@types/uglifycss":"^0.0.7","@types/uniq":"^0.0.27","@types/universalify":"^1.0.0","@types/url-parse-lax":"^5.0.0","@types/util-deprecate":"^1.0.0","@types/utils-merge":"^0.0.28","@types/uuid":"^8.3.1","@types/validate-npm-package-name":"^3.0.3","@types/vary":"^1.1.0","@types/void-elements":"^3.1.0","@types/watchify":"^3.11.1","@types/watchpack":"^1.1.7","@types/wcwidth":"^1.0.0","@types/webpack-dev-middleware":"^5.0.2","@types/webpack-dev-server":"^4.3.1","@types/webpack-sources":"^3.2.0","@types/which":"^2.0.1","@types/wrap-ansi":"^8.0.1","@types/ws":"^8.2.0","@types/yallist":"^4.0.1","@types/yargs":"^17.0.5","@types/yargs-parser":"^20.2.1","@types/yauzl":"^2.9.2"}}
[23:11:25.749] Loaded content of '/Users/phi/Library/Caches/typescript/4.4/package-lock.json'
[23:11:25.755] Adding entry into typings cache: 'abbrev' => '/Users/phi/Library/Caches/typescript/4.4/node_modules/@types/abbrev/index.d.ts'
[23:11:25.757] Adding entry into typings cache: 'accepts' => '/Users/phi/Library/Caches/typescript/4.4/node_modules/@types/accepts/index.d.ts'
[23:11:25.758] Adding entry into typings cache: 'angular' => '/Users/phi/Library/Caches/typescript/4.4/node_modules/@types/angular/index.d.ts'
[23:11:25.759] Adding entry into typings cache: 'angular-animate' => '/Users/phi/Library/Caches/typescript/4.4/node_modules/@types/angular-animate/index.d.ts'
[23:11:25.760] Adding entry into typings cache: 'angular-mocks' => '/Users/phi/Library/Caches/typescript/4.4/node_modules/@types/angular-mocks/index.d.ts'
[23:11:25.761] Adding entry into typings cache: 'angular-route' => '/Users/phi/Library/Caches/typescript/4.4/node_modules/@types/angular-route/index.d.ts'
[23:11:25.762] Adding entry into typings cache: 'angular-ui-bootstrap' => '/Users/phi/Library/Caches/typescript/4.4/node_modules/@types/angular-ui-bootstrap/index.d.ts'
[23:11:25.762] Adding entry into typings cache: 'angular-xeditable' => '/Users/phi/Library/Caches/typescript/4.4/node_modules/@types/angular-xeditable/index.d.ts'
[23:11:25.763] Adding entry into typings cache: 'are-we-there-yet' => '/Users/phi/Library/Caches/typescript/4.4/node_modules/@types/are-we-there-yet/index.d.ts'
[23:11:25.765] Adding entry into typings cache: 'argparse' => '/Users/phi/Library/Caches/typescript/4.4/node_modules/@types/argparse/index.d.ts'
[23:11:25.765] Adding entry into typings cache: 'aria-query' => '/Users/phi/Library/Caches/typescript/4.4/node_modules/@types/aria-query/index.d.ts'
[23:11:25.766] Adding entry into typings cache: 'array.prototype.flat' => '/Users/phi/Library/Caches/typescript/4.4/node_modules/@types/array.prototype.flat/index.d.ts'
[23:11:25.771] Adding entry into typings cache: 'async' => '/Users/phi/Library/Caches/typescript/4.4/node_modules/@types/async/index.d.ts'
[23:11:25.774] Adding entry into typings cache: 'atob' => '/Users/phi/Library/Caches/typescript/4.4/node_modules/@types/atob/index.d.ts'
[23:11:25.775] Adding entry into typings cache: 'babel__code-frame' => '/Users/phi/Library/Caches/typescript/4.4/node_modules/@types/babel__code-frame/index.d.ts'
[23:11:25.775] Adding entry into typings cache: 'babel__core' => '/Users/phi/Library/Caches/typescript/4.4/node_modules/@types/babel__core/index.d.ts'
[23:11:25.776] Adding entry into typings cache: 'babel__generator' => '/Users/phi/Library/Caches/typescript/4.4/node_modules/@types/babel__generator/index.d.ts'
[23:11:25.777] Adding entry into typings cache: 'babel__template' => '/Users/phi/Library/Caches/typescript/4.4/node_modules/@types/babel__template/index.d.ts'
[23:11:25.778] Adding entry into typings cache: 'babel__traverse' => '/Users/phi/Library/Caches/typescript/4.4/node_modules/@types/babel__traverse/index.d.ts'
[23:11:25.778] Adding entry into typings cache: 'balanced-match' => '/Users/phi/Library/Caches/typescript/4.4/node_modules/@types/balanced-match/index.d.ts'
[23:11:25.779] Adding entry into typings cache: 'base64id' => '/Users/phi/Library/Caches/typescript/4.4/node_modules/@types/base64id/index.d.ts'
[23:11:25.779] Adding entry into typings cache: 'big.js' => '/Users/phi/Library/Caches/typescript/4.4/node_modules/@types/big.js/index.d.ts'
[23:11:25.780] Adding entry into typings cache: 'bl' => '/Users/phi/Library/Caches/typescript/4.4/node_modules/@types/bl/index.d.ts'
[23:11:25.781] Adding entry into typings cache: 'body-parser' => '/Users/phi/Library/Caches/typescript/4.4/node_modules/@types/body-parser/index.d.ts'
[23:11:25.781] Adding entry into typings cache: 'bonjour' => '/Users/phi/Library/Caches/typescript/4.4/node_modules/@types/bonjour/index.d.ts'
[23:11:25.782] Adding entry into typings cache: 'boolbase' => '/Users/phi/Library/Caches/typescript/4.4/node_modules/@types/boolbase/index.d.ts'
[23:11:25.782] Adding entry into typings cache: 'bootstrap' => '/Users/phi/Library/Caches/typescript/4.4/node_modules/@types/bootstrap/index.d.ts'
[23:11:25.783] Adding entry into typings cache: 'brace-expansion' => '/Users/phi/Library/Caches/typescript/4.4/node_modules/@types/brace-expansion/index.d.ts'
[23:11:25.785] Adding entry into typings cache: 'braces' => '/Users/phi/Library/Caches/typescript/4.4/node_modules/@types/braces/index.d.ts'
[23:11:25.785] Adding entry into typings cache: 'browserify' => '/Users/phi/Library/Caches/typescript/4.4/node_modules/@types/browserify/index.d.ts'
[23:11:25.786] Adding entry into typings cache: 'buffer-crc32' => '/Users/phi/Library/Caches/typescript/4.4/node_modules/@types/buffer-crc32/index.d.ts'
[23:11:25.787] Adding entry into typings cache: 'buffer-from' => '/Users/phi/Library/Caches/typescript/4.4/node_modules/@types/buffer-from/index.d.ts'
[23:11:25.788] Adding entry into typings cache: 'bytes' => '/Users/phi/Library/Caches/typescript/4.4/node_modules/@types/bytes/index.d.ts'
[23:11:25.788] Adding entry into typings cache: 'cacache' => '/Users/phi/Library/Caches/typescript/4.4/node_modules/@types/cacache/index.d.ts'
[23:11:25.789] Adding entry into typings cache: 'cacheable-request' => '/Users/phi/Library/Caches/typescript/4.4/node_modules/@types/cacheable-request/index.d.ts'
[23:11:25.789] Adding entry into typings cache: 'call-bind' => '/Users/phi/Library/Caches/typescript/4.4/node_modules/@types/call-bind/index.d.ts'
[23:11:25.791] Adding entry into typings cache: 'caniuse-lite' => '/Users/phi/Library/Caches/typescript/4.4/node_modules/@types/caniuse-lite/index.d.ts'
[23:11:25.791] Adding entry into typings cache: 'chardet' => '/Users/phi/Library/Caches/typescript/4.4/node_modules/@types/chardet/index.d.ts'
[23:11:25.792] Adding entry into typings cache: 'chownr' => '/Users/phi/Library/Caches/typescript/4.4/node_modules/@types/chownr/index.d.ts'
[23:11:25.792] Adding entry into typings cache: 'circular-dependency-plugin' => '/Users/phi/Library/Caches/typescript/4.4/node_modules/@types/circular-dependency-plugin/index.d.ts'
[23:11:25.793] Adding entry into typings cache: 'cli-spinners' => '/Users/phi/Library/Caches/typescript/4.4/node_modules/@types/cli-spinners/index.d.ts'
[23:11:25.793] Adding entry into typings cache: 'clone' => '/Users/phi/Library/Caches/typescript/4.4/node_modules/@types/clone/index.d.ts'
[23:11:25.795] Adding entry into typings cache: 'clone-deep' => '/Users/phi/Library/Caches/typescript/4.4/node_modules/@types/clone-deep/index.d.ts'
[23:11:25.795] Adding entry into typings cache: 'coffeescript' => '/Users/phi/Library/Caches/typescript/4.4/node_modules/@types/coffeescript/index.d.ts'
[23:11:25.797] Adding entry into typings cache: 'color-convert' => '/Users/phi/Library/Caches/typescript/4.4/node_modules/@types/color-convert/index.d.ts'
[23:11:25.798] Adding entry into typings cache: 'color-name' => '/Users/phi/Library/Caches/typescript/4.4/node_modules/@types/color-name/index.d.ts'
[23:11:25.798] Adding entry into typings cache: 'commondir' => '/Users/phi/Library/Caches/typescript/4.4/node_modules/@types/commondir/index.d.ts'
[23:11:25.799] Adding entry into typings cache: 'component-emitter' => '/Users/phi/Library/Caches/typescript/4.4/node_modules/@types/component-emitter/index.d.ts'
[23:11:25.800] Adding entry into typings cache: 'compressible' => '/Users/phi/Library/Caches/typescript/4.4/node_modules/@types/compressible/index.d.ts'
[23:11:25.800] Adding entry into typings cache: 'compression' => '/Users/phi/Library/Caches/typescript/4.4/node_modules/@types/compression/index.d.ts'
[23:11:25.801] Adding entry into typings cache: 'concat-map' => '/Users/phi/Library/Caches/typescript/4.4/node_modules/@types/concat-map/index.d.ts'
[23:11:25.801] Adding entry into typings cache: 'concat-stream' => '/Users/phi/Library/Caches/typescript/4.4/node_modules/@types/concat-stream/index.d.ts'
[23:11:25.802] Adding entry into typings cache: 'connect' => '/Users/phi/Library/Caches/typescript/4.4/node_modules/@types/connect/index.d.ts'
[23:11:25.803] Adding entry into typings cache: 'connect-history-api-fallback' => '/Users/phi/Library/Caches/typescript/4.4/node_modules/@types/connect-history-api-fallback/index.d.ts'
[23:11:25.803] Adding entry into typings cache: 'content-disposition' => '/Users/phi/Library/Caches/typescript/4.4/node_modules/@types/content-disposition/index.d.ts'
[23:11:25.804] Adding entry into typings cache: 'content-type' => '/Users/phi/Library/Caches/typescript/4.4/node_modules/@types/content-type/index.d.ts'
[23:11:25.805] Adding entry into typings cache: 'convert-source-map' => '/Users/phi/Library/Caches/typescript/4.4/node_modules/@types/convert-source-map/index.d.ts'
[23:11:25.806] Adding entry into typings cache: 'cookie' => '/Users/phi/Library/Caches/typescript/4.4/node_modules/@types/cookie/index.d.ts'
[23:11:25.806] Adding entry into typings cache: 'cookie-signature' => '/Users/phi/Library/Caches/typescript/4.4/node_modules/@types/cookie-signature/index.d.ts'
[23:11:25.807] Adding entry into typings cache: 'copy-webpack-plugin' => '/Users/phi/Library/Caches/typescript/4.4/node_modules/@types/copy-webpack-plugin/index.d.ts'
[23:11:25.807] Adding entry into typings cache: 'copyfiles' => '/Users/phi/Library/Caches/typescript/4.4/node_modules/@types/copyfiles/index.d.ts'
[23:11:25.808] Adding entry into typings cache: 'core-js' => '/Users/phi/Library/Caches/typescript/4.4/node_modules/@types/core-js/index.d.ts'
[23:11:25.808] Adding entry into typings cache: 'cors' => '/Users/phi/Library/Caches/typescript/4.4/node_modules/@types/cors/index.d.ts'
[23:11:25.809] Adding entry into typings cache: 'cross-spawn' => '/Users/phi/Library/Caches/typescript/4.4/node_modules/@types/cross-spawn/index.d.ts'
[23:11:25.810] Adding entry into typings cache: 'css' => '/Users/phi/Library/Caches/typescript/4.4/node_modules/@types/css/index.d.ts'
[23:11:25.810] Adding entry into typings cache: 'cssesc' => '/Users/phi/Library/Caches/typescript/4.4/node_modules/@types/cssesc/index.d.ts'
[23:11:25.812] Adding entry into typings cache: 'debug' => '/Users/phi/Library/Caches/typescript/4.4/node_modules/@types/debug/index.d.ts'
[23:11:25.814] Adding entry into typings cache: 'decode-uri-component' => '/Users/phi/Library/Caches/typescript/4.4/node_modules/@types/decode-uri-component/index.d.ts'
[23:11:25.814] Adding entry into typings cache: 'deep-equal' => '/Users/phi/Library/Caches/typescript/4.4/node_modules/@types/deep-equal/index.d.ts'
[23:11:25.815] Adding entry into typings cache: 'default-gateway' => '/Users/phi/Library/Caches/typescript/4.4/node_modules/@types/default-gateway/index.d.ts'
[23:11:25.815] Adding entry into typings cache: 'defaults' => '/Users/phi/Library/Caches/typescript/4.4/node_modules/@types/defaults/index.d.ts'
[23:11:25.815] Adding entry into typings cache: 'define-properties' => '/Users/phi/Library/Caches/typescript/4.4/node_modules/@types/define-properties/index.d.ts'
[23:11:25.816] Adding entry into typings cache: 'depd' => '/Users/phi/Library/Caches/typescript/4.4/node_modules/@types/depd/index.d.ts'
[23:11:25.816] Adding entry into typings cache: 'destroy' => '/Users/phi/Library/Caches/typescript/4.4/node_modules/@types/destroy/index.d.ts'
[23:11:25.817] Adding entry into typings cache: 'detect-node' => '/Users/phi/Library/Caches/typescript/4.4/node_modules/@types/detect-node/index.d.ts'
[23:11:25.817] Adding entry into typings cache: 'di' => '/Users/phi/Library/Caches/typescript/4.4/node_modules/@types/di/index.d.ts'
[23:11:25.818] Adding entry into typings cache: 'diff' => '/Users/phi/Library/Caches/typescript/4.4/node_modules/@types/diff/index.d.ts'
[23:11:25.818] Adding entry into typings cache: 'dir-glob' => '/Users/phi/Library/Caches/typescript/4.4/node_modules/@types/dir-glob/index.d.ts'
[23:11:25.819] Adding entry into typings cache: 'dns-packet' => '/Users/phi/Library/Caches/typescript/4.4/node_modules/@types/dns-packet/index.d.ts'
[23:11:25.819] Adding entry into typings cache: 'doctrine' => '/Users/phi/Library/Caches/typescript/4.4/node_modules/@types/doctrine/index.d.ts'
[23:11:25.820] Adding entry into typings cache: 'duplexer3' => '/Users/phi/Library/Caches/typescript/4.4/node_modules/@types/duplexer3/index.d.ts'
[23:11:25.820] Adding entry into typings cache: 'ee-first' => '/Users/phi/Library/Caches/typescript/4.4/node_modules/@types/ee-first/index.d.ts'
[23:11:25.821] Adding entry into typings cache: 'electron-installer-dmg' => '/Users/phi/Library/Caches/typescript/4.4/node_modules/@types/electron-installer-dmg/index.d.ts'
[23:11:25.821] Adding entry into typings cache: 'encodeurl' => '/Users/phi/Library/Caches/typescript/4.4/node_modules/@types/encodeurl/index.d.ts'
[23:11:25.821] Adding entry into typings cache: 'end-of-stream' => '/Users/phi/Library/Caches/typescript/4.4/node_modules/@types/end-of-stream/index.d.ts'
[23:11:25.822] Adding entry into typings cache: 'ent' => '/Users/phi/Library/Caches/typescript/4.4/node_modules/@types/ent/index.d.ts'
[23:11:25.823] Adding entry into typings cache: 'es-abstract' => '/Users/phi/Library/Caches/typescript/4.4/node_modules/@types/es-abstract/index.d.ts'
[23:11:25.823] Adding entry into typings cache: 'es-to-primitive' => '/Users/phi/Library/Caches/typescript/4.4/node_modules/@types/es-to-primitive/index.d.ts'
[23:11:25.824] Adding entry into typings cache: 'escape-html' => '/Users/phi/Library/Caches/typescript/4.4/node_modules/@types/escape-html/index.d.ts'
[23:11:25.824] Adding entry into typings cache: 'eslint' => '/Users/phi/Library/Caches/typescript/4.4/node_modules/@types/eslint/index.d.ts'
[23:11:25.825] Adding entry into typings cache: 'eslint-config-prettier' => '/Users/phi/Library/Caches/typescript/4.4/node_modules/@types/eslint-config-prettier/index.d.ts'
[23:11:25.826] Adding entry into typings cache: 'eslint-scope' => '/Users/phi/Library/Caches/typescript/4.4/node_modules/@types/eslint-scope/index.d.ts'
[23:11:25.826] Adding entry into typings cache: 'eslint-utils' => '/Users/phi/Library/Caches/typescript/4.4/node_modules/@types/eslint-utils/index.d.ts'
[23:11:25.827] Adding entry into typings cache: 'eslint-visitor-keys' => '/Users/phi/Library/Caches/typescript/4.4/node_modules/@types/eslint-visitor-keys/index.d.ts'
[23:11:25.827] Adding entry into typings cache: 'esprima' => '/Users/phi/Library/Caches/typescript/4.4/node_modules/@types/esprima/index.d.ts'
[23:11:25.827] Adding entry into typings cache: 'esquery' => '/Users/phi/Library/Caches/typescript/4.4/node_modules/@types/esquery/index.d.ts'
[23:11:25.828] Adding entry into typings cache: 'estraverse' => '/Users/phi/Library/Caches/typescript/4.4/node_modules/@types/estraverse/index.d.ts'
[23:11:25.829] Adding entry into typings cache: 'esutils' => '/Users/phi/Library/Caches/typescript/4.4/node_modules/@types/esutils/index.d.ts'
[23:11:25.829] Adding entry into typings cache: 'etag' => '/Users/phi/Library/Caches/typescript/4.4/node_modules/@types/etag/index.d.ts'
[23:11:25.830] Adding entry into typings cache: 'events' => '/Users/phi/Library/Caches/typescript/4.4/node_modules/@types/events/index.d.ts'
[23:11:25.831] Adding entry into typings cache: 'express' => '/Users/phi/Library/Caches/typescript/4.4/node_modules/@types/express/index.d.ts'
[23:11:25.831] Adding entry into typings cache: 'extend' => '/Users/phi/Library/Caches/typescript/4.4/node_modules/@types/extend/index.d.ts'
[23:11:25.832] Adding entry into typings cache: 'fast-levenshtein' => '/Users/phi/Library/Caches/typescript/4.4/node_modules/@types/fast-levenshtein/index.d.ts'
[23:11:25.832] Adding entry into typings cache: 'file-entry-cache' => '/Users/phi/Library/Caches/typescript/4.4/node_modules/@types/file-entry-cache/index.d.ts'
[23:11:25.832] Adding entry into typings cache: 'finalhandler' => '/Users/phi/Library/Caches/typescript/4.4/node_modules/@types/finalhandler/index.d.ts'
[23:11:25.833] Adding entry into typings cache: 'find-cache-dir' => '/Users/phi/Library/Caches/typescript/4.4/node_modules/@types/find-cache-dir/index.d.ts'
[23:11:25.833] Adding entry into typings cache: 'flat-cache' => '/Users/phi/Library/Caches/typescript/4.4/node_modules/@types/flat-cache/index.d.ts'
[23:11:25.834] Adding entry into typings cache: 'follow-redirects' => '/Users/phi/Library/Caches/typescript/4.4/node_modules/@types/follow-redirects/index.d.ts'
[23:11:25.835] Adding entry into typings cache: 'forwarded' => '/Users/phi/Library/Caches/typescript/4.4/node_modules/@types/forwarded/index.d.ts'
[23:11:25.835] Adding entry into typings cache: 'fresh' => '/Users/phi/Library/Caches/typescript/4.4/node_modules/@types/fresh/index.d.ts'
[23:11:25.837] Adding entry into typings cache: 'fs-extra' => '/Users/phi/Library/Caches/typescript/4.4/node_modules/@types/fs-extra/index.d.ts'
[23:11:25.837] Adding entry into typings cache: 'function-bind' => '/Users/phi/Library/Caches/typescript/4.4/node_modules/@types/function-bind/index.d.ts'
[23:11:25.838] Adding entry into typings cache: 'functional-red-black-tree' => '/Users/phi/Library/Caches/typescript/4.4/node_modules/@types/functional-red-black-tree/index.d.ts'
[23:11:25.838] Adding entry into typings cache: 'get-intrinsic' => '/Users/phi/Library/Caches/typescript/4.4/node_modules/@types/get-intrinsic/index.d.ts'
[23:11:25.839] Adding entry into typings cache: 'glob' => '/Users/phi/Library/Caches/typescript/4.4/node_modules/@types/glob/index.d.ts'
[23:11:25.840] Adding entry into typings cache: 'glob-parent' => '/Users/phi/Library/Caches/typescript/4.4/node_modules/@types/glob-parent/index.d.ts'
[23:11:25.841] Adding entry into typings cache: 'glob-to-regexp' => '/Users/phi/Library/Caches/typescript/4.4/node_modules/@types/glob-to-regexp/index.d.ts'
[23:11:25.842] Adding entry into typings cache: 'global-agent' => '/Users/phi/Library/Caches/typescript/4.4/node_modules/@types/global-agent/index.d.ts'
[23:11:25.842] Adding entry into typings cache: 'global-tunnel-ng' => '/Users/phi/Library/Caches/typescript/4.4/node_modules/@types/global-tunnel-ng/index.d.ts'
[23:11:25.843] Adding entry into typings cache: 'globalthis' => '/Users/phi/Library/Caches/typescript/4.4/node_modules/@types/globalthis/index.d.ts'
[23:11:25.843] Adding entry into typings cache: 'got' => '/Users/phi/Library/Caches/typescript/4.4/node_modules/@types/got/index.d.ts'
[23:11:25.846] Adding entry into typings cache: 'graceful-fs' => '/Users/phi/Library/Caches/typescript/4.4/node_modules/@types/graceful-fs/index.d.ts'
[23:11:25.847] Adding entry into typings cache: 'has' => '/Users/phi/Library/Caches/typescript/4.4/node_modules/@types/has/index.d.ts'
[23:11:25.847] Adding entry into typings cache: 'has-symbols' => '/Users/phi/Library/Caches/typescript/4.4/node_modules/@types/has-symbols/index.d.ts'
[23:11:25.849] Adding entry into typings cache: 'hosted-git-info' => '/Users/phi/Library/Caches/typescript/4.4/node_modules/@types/hosted-git-info/index.d.ts'
[23:11:25.849] Adding entry into typings cache: 'html-escaper' => '/Users/phi/Library/Caches/typescript/4.4/node_modules/@types/html-escaper/index.d.ts'
[23:11:25.850] Adding entry into typings cache: 'http-cache-semantics' => '/Users/phi/Library/Caches/typescript/4.4/node_modules/@types/http-cache-semantics/index.d.ts'
[23:11:25.850] Adding entry into typings cache: 'http-errors' => '/Users/phi/Library/Caches/typescript/4.4/node_modules/@types/http-errors/index.d.ts'
[23:11:25.851] Adding entry into typings cache: 'http-proxy' => '/Users/phi/Library/Caches/typescript/4.4/node_modules/@types/http-proxy/index.d.ts'
[23:11:25.852] Adding entry into typings cache: 'humanize-ms' => '/Users/phi/Library/Caches/typescript/4.4/node_modules/@types/humanize-ms/index.d.ts'
[23:11:25.853] Adding entry into typings cache: 'icss-utils' => '/Users/phi/Library/Caches/typescript/4.4/node_modules/@types/icss-utils/index.d.ts'
[23:11:25.853] Adding entry into typings cache: 'ignore-walk' => '/Users/phi/Library/Caches/typescript/4.4/node_modules/@types/ignore-walk/index.d.ts'
[23:11:25.853] Adding entry into typings cache: 'imurmurhash' => '/Users/phi/Library/Caches/typescript/4.4/node_modules/@types/imurmurhash/index.d.ts'
[23:11:25.854] Adding entry into typings cache: 'inherits' => '/Users/phi/Library/Caches/typescript/4.4/node_modules/@types/inherits/index.d.ts'
[23:11:25.854] Adding entry into typings cache: 'ini' => '/Users/phi/Library/Caches/typescript/4.4/node_modules/@types/ini/index.d.ts'
[23:11:25.855] Adding entry into typings cache: 'inquirer' => '/Users/phi/Library/Caches/typescript/4.4/node_modules/@types/inquirer/index.d.ts'
[23:11:25.855] Adding entry into typings cache: 'internal-slot' => '/Users/phi/Library/Caches/typescript/4.4/node_modules/@types/internal-slot/index.d.ts'
[23:11:25.856] Adding entry into typings cache: 'ip' => '/Users/phi/Library/Caches/typescript/4.4/node_modules/@types/ip/index.d.ts'
[23:11:25.856] Adding entry into typings cache: 'is-arguments' => '/Users/phi/Library/Caches/typescript/4.4/node_modules/@types/is-arguments/index.d.ts'
[23:11:25.857] Adding entry into typings cache: 'is-bigint' => '/Users/phi/Library/Caches/typescript/4.4/node_modules/@types/is-bigint/index.d.ts'
[23:11:25.857] Adding entry into typings cache: 'is-boolean-object' => '/Users/phi/Library/Caches/typescript/4.4/node_modules/@types/is-boolean-object/index.d.ts'
[23:11:25.857] Adding entry into typings cache: 'is-callable' => '/Users/phi/Library/Caches/typescript/4.4/node_modules/@types/is-callable/index.d.ts'
[23:11:25.858] Adding entry into typings cache: 'is-core-module' => '/Users/phi/Library/Caches/typescript/4.4/node_modules/@types/is-core-module/index.d.ts'
[23:11:25.858] Adding entry into typings cache: 'is-date-object' => '/Users/phi/Library/Caches/typescript/4.4/node_modules/@types/is-date-object/index.d.ts'
[23:11:25.859] Adding entry into typings cache: 'is-glob' => '/Users/phi/Library/Caches/typescript/4.4/node_modules/@types/is-glob/index.d.ts'
[23:11:25.860] Adding entry into typings cache: 'is-number' => '/Users/phi/Library/Caches/typescript/4.4/node_modules/@types/is-number/index.d.ts'
[23:11:25.861] Adding entry into typings cache: 'is-regex' => '/Users/phi/Library/Caches/typescript/4.4/node_modules/@types/is-regex/index.d.ts'
[23:11:25.861] Adding entry into typings cache: 'is-string' => '/Users/phi/Library/Caches/typescript/4.4/node_modules/@types/is-string/index.d.ts'
[23:11:25.862] Adding entry into typings cache: 'isarray' => '/Users/phi/Library/Caches/typescript/4.4/node_modules/@types/isarray/index.d.ts'
[23:11:25.862] Adding entry into typings cache: 'isexe' => '/Users/phi/Library/Caches/typescript/4.4/node_modules/@types/isexe/index.d.ts'
[23:11:25.863] Adding entry into typings cache: 'istanbul' => '/Users/phi/Library/Caches/typescript/4.4/node_modules/@types/istanbul/index.d.ts'
[23:11:25.863] Adding entry into typings cache: 'istanbul-lib-coverage' => '/Users/phi/Library/Caches/typescript/4.4/node_modules/@types/istanbul-lib-coverage/index.d.ts'
[23:11:25.864] Adding entry into typings cache: 'istanbul-lib-instrument' => '/Users/phi/Library/Caches/typescript/4.4/node_modules/@types/istanbul-lib-instrument/index.d.ts'
[23:11:25.864] Adding entry into typings cache: 'istanbul-lib-report' => '/Users/phi/Library/Caches/typescript/4.4/node_modules/@types/istanbul-lib-report/index.d.ts'
[23:11:25.864] Adding entry into typings cache: 'istanbul-lib-source-maps' => '/Users/phi/Library/Caches/typescript/4.4/node_modules/@types/istanbul-lib-source-maps/index.d.ts'
[23:11:25.865] Adding entry into typings cache: 'istanbul-reports' => '/Users/phi/Library/Caches/typescript/4.4/node_modules/@types/istanbul-reports/index.d.ts'
[23:11:25.865] Adding entry into typings cache: 'jasmine' => '/Users/phi/Library/Caches/typescript/4.4/node_modules/@types/jasmine/index.d.ts'
[23:11:25.866] Adding entry into typings cache: 'jasmine-jquery' => '/Users/phi/Library/Caches/typescript/4.4/node_modules/@types/jasmine-jquery/index.d.ts'
[23:11:25.866] Adding entry into typings cache: 'jasmine-node' => '/Users/phi/Library/Caches/typescript/4.4/node_modules/@types/jasmine-node/index.d.ts'
[23:11:25.867] Adding entry into typings cache: 'jquery' => '/Users/phi/Library/Caches/typescript/4.4/node_modules/@types/jquery/index.d.ts'
[23:11:25.868] Adding entry into typings cache: 'js-yaml' => '/Users/phi/Library/Caches/typescript/4.4/node_modules/@types/js-yaml/index.d.ts'
[23:11:25.868] Adding entry into typings cache: 'jsesc' => '/Users/phi/Library/Caches/typescript/4.4/node_modules/@types/jsesc/index.d.ts'
[23:11:25.870] Adding entry into typings cache: 'jshint' => '/Users/phi/Library/Caches/typescript/4.4/node_modules/@types/jshint/index.d.ts'
[23:11:25.870] Adding entry into typings cache: 'json-buffer' => '/Users/phi/Library/Caches/typescript/4.4/node_modules/@types/json-buffer/index.d.ts'
[23:11:25.871] Adding entry into typings cache: 'json-parse-better-errors' => '/Users/phi/Library/Caches/typescript/4.4/node_modules/@types/json-parse-better-errors/index.d.ts'
[23:11:25.871] Adding entry into typings cache: 'json-stringify-safe' => '/Users/phi/Library/Caches/typescript/4.4/node_modules/@types/json-stringify-safe/index.d.ts'
[23:11:25.872] Adding entry into typings cache: 'jsonfile' => '/Users/phi/Library/Caches/typescript/4.4/node_modules/@types/jsonfile/index.d.ts'
[23:11:25.872] Adding entry into typings cache: 'karma' => '/Users/phi/Library/Caches/typescript/4.4/node_modules/@types/karma/index.d.ts'
[23:11:25.873] Adding entry into typings cache: 'karma-browserify' => '/Users/phi/Library/Caches/typescript/4.4/node_modules/@types/karma-browserify/index.d.ts'
[23:11:25.873] Adding entry into typings cache: 'karma-chrome-launcher' => '/Users/phi/Library/Caches/typescript/4.4/node_modules/@types/karma-chrome-launcher/index.d.ts'
[23:11:25.874] Adding entry into typings cache: 'karma-coverage' => '/Users/phi/Library/Caches/typescript/4.4/node_modules/@types/karma-coverage/index.d.ts'
[23:11:25.874] Adding entry into typings cache: 'karma-jasmine' => '/Users/phi/Library/Caches/typescript/4.4/node_modules/@types/karma-jasmine/index.d.ts'
[23:11:25.875] Adding entry into typings cache: 'karma-jasmine-html-reporter' => '/Users/phi/Library/Caches/typescript/4.4/node_modules/@types/karma-jasmine-html-reporter/index.d.ts'
[23:11:25.875] Adding entry into typings cache: 'karma-spec-reporter' => '/Users/phi/Library/Caches/typescript/4.4/node_modules/@types/karma-spec-reporter/index.d.ts'
[23:11:25.875] Adding entry into typings cache: 'keyv' => '/Users/phi/Library/Caches/typescript/4.4/node_modules/@types/keyv/index.d.ts'
[23:11:25.876] Adding entry into typings cache: 'kind-of' => '/Users/phi/Library/Caches/typescript/4.4/node_modules/@types/kind-of/index.d.ts'
[23:11:25.877] Adding entry into typings cache: 'less' => '/Users/phi/Library/Caches/typescript/4.4/node_modules/@types/less/index.d.ts'
[23:11:25.877] Adding entry into typings cache: 'loader-runner' => '/Users/phi/Library/Caches/typescript/4.4/node_modules/@types/loader-runner/index.d.ts'
[23:11:25.878] Adding entry into typings cache: 'loader-utils' => '/Users/phi/Library/Caches/typescript/4.4/node_modules/@types/loader-utils/index.d.ts'
[23:11:25.878] Adding entry into typings cache: 'lodash' => '/Users/phi/Library/Caches/typescript/4.4/node_modules/@types/lodash/index.d.ts'
[23:11:25.879] Adding entry into typings cache: 'lodash.debounce' => '/Users/phi/Library/Caches/typescript/4.4/node_modules/@types/lodash.debounce/index.d.ts'
[23:11:25.879] Adding entry into typings cache: 'lodash.merge' => '/Users/phi/Library/Caches/typescript/4.4/node_modules/@types/lodash.merge/index.d.ts'
[23:11:25.880] Adding entry into typings cache: 'lru-cache' => '/Users/phi/Library/Caches/typescript/4.4/node_modules/@types/lru-cache/index.d.ts'
[23:11:25.880] Adding entry into typings cache: 'make-fetch-happen' => '/Users/phi/Library/Caches/typescript/4.4/node_modules/@types/make-fetch-happen/index.d.ts'
[23:11:25.880] Adding entry into typings cache: 'media-typer' => '/Users/phi/Library/Caches/typescript/4.4/node_modules/@types/media-typer/index.d.ts'
[23:11:25.881] Adding entry into typings cache: 'merge-descriptors' => '/Users/phi/Library/Caches/typescript/4.4/node_modules/@types/merge-descriptors/index.d.ts'
[23:11:25.881] Adding entry into typings cache: 'merge-stream' => '/Users/phi/Library/Caches/typescript/4.4/node_modules/@types/merge-stream/index.d.ts'
[23:11:25.882] Adding entry into typings cache: 'merge2' => '/Users/phi/Library/Caches/typescript/4.4/node_modules/@types/merge2/index.d.ts'
[23:11:25.882] Adding entry into typings cache: 'methods' => '/Users/phi/Library/Caches/typescript/4.4/node_modules/@types/methods/index.d.ts'
[23:11:25.883] Adding entry into typings cache: 'micromatch' => '/Users/phi/Library/Caches/typescript/4.4/node_modules/@types/micromatch/index.d.ts'
[23:11:25.884] Adding entry into typings cache: 'mime' => '/Users/phi/Library/Caches/typescript/4.4/node_modules/@types/mime/index.d.ts'
[23:11:25.884] Adding entry into typings cache: 'mime-db' => '/Users/phi/Library/Caches/typescript/4.4/node_modules/@types/mime-db/index.d.ts'
[23:11:25.885] Adding entry into typings cache: 'mime-types' => '/Users/phi/Library/Caches/typescript/4.4/node_modules/@types/mime-types/index.d.ts'
[23:11:25.886] Adding entry into typings cache: 'mini-css-extract-plugin' => '/Users/phi/Library/Caches/typescript/4.4/node_modules/@types/mini-css-extract-plugin/index.d.ts'
[23:11:25.886] Adding entry into typings cache: 'minimalistic-assert' => '/Users/phi/Library/Caches/typescript/4.4/node_modules/@types/minimalistic-assert/index.d.ts'
[23:11:25.886] Adding entry into typings cache: 'minimatch' => '/Users/phi/Library/Caches/typescript/4.4/node_modules/@types/minimatch/index.d.ts'
[23:11:25.887] Adding entry into typings cache: 'minimist' => '/Users/phi/Library/Caches/typescript/4.4/node_modules/@types/minimist/index.d.ts'
[23:11:25.888] Adding entry into typings cache: 'minipass' => '/Users/phi/Library/Caches/typescript/4.4/node_modules/@types/minipass/index.d.ts'
[23:11:25.888] Adding entry into typings cache: 'minizlib' => '/Users/phi/Library/Caches/typescript/4.4/node_modules/@types/minizlib/index.d.ts'
[23:11:25.889] Adding entry into typings cache: 'mkdirp' => '/Users/phi/Library/Caches/typescript/4.4/node_modules/@types/mkdirp/index.d.ts'
[23:11:25.889] Adding entry into typings cache: 'ms' => '/Users/phi/Library/Caches/typescript/4.4/node_modules/@types/ms/index.d.ts'
[23:11:25.890] Adding entry into typings cache: 'multicast-dns' => '/Users/phi/Library/Caches/typescript/4.4/node_modules/@types/multicast-dns/index.d.ts'
[23:11:25.890] Adding entry into typings cache: 'mute-stream' => '/Users/phi/Library/Caches/typescript/4.4/node_modules/@types/mute-stream/index.d.ts'
[23:11:25.891] Adding entry into typings cache: 'natural-compare' => '/Users/phi/Library/Caches/typescript/4.4/node_modules/@types/natural-compare/index.d.ts'
[23:11:25.891] Adding entry into typings cache: 'needle' => '/Users/phi/Library/Caches/typescript/4.4/node_modules/@types/needle/index.d.ts'
[23:11:25.891] Adding entry into typings cache: 'negotiator' => '/Users/phi/Library/Caches/typescript/4.4/node_modules/@types/negotiator/index.d.ts'
[23:11:25.892] Adding entry into typings cache: 'node-forge' => '/Users/phi/Library/Caches/typescript/4.4/node_modules/@types/node-forge/index.d.ts'
[23:11:25.892] Adding entry into typings cache: 'nopt' => '/Users/phi/Library/Caches/typescript/4.4/node_modules/@types/nopt/index.d.ts'
[23:11:25.893] Adding entry into typings cache: 'normalize-path' => '/Users/phi/Library/Caches/typescript/4.4/node_modules/@types/normalize-path/index.d.ts'
[23:11:25.894] Adding entry into typings cache: 'npm-package-arg' => '/Users/phi/Library/Caches/typescript/4.4/node_modules/@types/npm-package-arg/index.d.ts'
[23:11:25.894] Adding entry into typings cache: 'npm-packlist' => '/Users/phi/Library/Caches/typescript/4.4/node_modules/@types/npm-packlist/index.d.ts'
[23:11:25.894] Adding entry into typings cache: 'npm-registry-fetch' => '/Users/phi/Library/Caches/typescript/4.4/node_modules/@types/npm-registry-fetch/index.d.ts'
[23:11:25.895] Adding entry into typings cache: 'npmlog' => '/Users/phi/Library/Caches/typescript/4.4/node_modules/@types/npmlog/index.d.ts'
[23:11:25.895] Adding entry into typings cache: 'num2fraction' => '/Users/phi/Library/Caches/typescript/4.4/node_modules/@types/num2fraction/index.d.ts'
[23:11:25.896] Adding entry into typings cache: 'number-is-nan' => '/Users/phi/Library/Caches/typescript/4.4/node_modules/@types/number-is-nan/index.d.ts'
[23:11:25.896] Adding entry into typings cache: 'object-assign' => '/Users/phi/Library/Caches/typescript/4.4/node_modules/@types/object-assign/index.d.ts'
[23:11:25.896] Adding entry into typings cache: 'object-inspect' => '/Users/phi/Library/Caches/typescript/4.4/node_modules/@types/object-inspect/index.d.ts'
[23:11:25.897] Adding entry into typings cache: 'object-keys' => '/Users/phi/Library/Caches/typescript/4.4/node_modules/@types/object-keys/index.d.ts'
[23:11:25.897] Adding entry into typings cache: 'on-finished' => '/Users/phi/Library/Caches/typescript/4.4/node_modules/@types/on-finished/index.d.ts'
[23:11:25.898] Adding entry into typings cache: 'on-headers' => '/Users/phi/Library/Caches/typescript/4.4/node_modules/@types/on-headers/index.d.ts'
[23:11:25.898] Adding entry into typings cache: 'once' => '/Users/phi/Library/Caches/typescript/4.4/node_modules/@types/once/index.d.ts'
[23:11:25.899] Adding entry into typings cache: 'os-tmpdir' => '/Users/phi/Library/Caches/typescript/4.4/node_modules/@types/os-tmpdir/index.d.ts'
[23:11:25.899] Adding entry into typings cache: 'pacote' => '/Users/phi/Library/Caches/typescript/4.4/node_modules/@types/pacote/index.d.ts'
[23:11:25.900] Adding entry into typings cache: 'pako' => '/Users/phi/Library/Caches/typescript/4.4/node_modules/@types/pako/index.d.ts'
[23:11:25.900] Adding entry into typings cache: 'parse-json' => '/Users/phi/Library/Caches/typescript/4.4/node_modules/@types/parse-json/index.d.ts'
[23:11:25.900] Adding entry into typings cache: 'parse-node-version' => '/Users/phi/Library/Caches/typescript/4.4/node_modules/@types/parse-node-version/index.d.ts'
[23:11:25.901] Adding entry into typings cache: 'parse5' => '/Users/phi/Library/Caches/typescript/4.4/node_modules/@types/parse5/index.d.ts'
[23:11:25.901] Adding entry into typings cache: 'parse5-html-rewriting-stream' => '/Users/phi/Library/Caches/typescript/4.4/node_modules/@types/parse5-html-rewriting-stream/index.d.ts'
[23:11:25.901] Adding entry into typings cache: 'parse5-htmlparser2-tree-adapter' => '/Users/phi/Library/Caches/typescript/4.4/node_modules/@types/parse5-htmlparser2-tree-adapter/index.d.ts'
[23:11:25.902] Adding entry into typings cache: 'parse5-sax-parser' => '/Users/phi/Library/Caches/typescript/4.4/node_modules/@types/parse5-sax-parser/index.d.ts'
[23:11:25.902] Adding entry into typings cache: 'parseurl' => '/Users/phi/Library/Caches/typescript/4.4/node_modules/@types/parseurl/index.d.ts'
[23:11:25.903] Adding entry into typings cache: 'path-is-absolute' => '/Users/phi/Library/Caches/typescript/4.4/node_modules/@types/path-is-absolute/index.d.ts'
[23:11:25.903] Adding entry into typings cache: 'path-parse' => '/Users/phi/Library/Caches/typescript/4.4/node_modules/@types/path-parse/index.d.ts'
[23:11:25.904] Adding entry into typings cache: 'picomatch' => '/Users/phi/Library/Caches/typescript/4.4/node_modules/@types/picomatch/index.d.ts'
[23:11:25.904] Adding entry into typings cache: 'pify' => '/Users/phi/Library/Caches/typescript/4.4/node_modules/@types/pify/index.d.ts'
[23:11:25.905] Adding entry into typings cache: 'postcss-gap-properties' => '/Users/phi/Library/Caches/typescript/4.4/node_modules/@types/postcss-gap-properties/index.d.ts'
[23:11:25.905] Adding entry into typings cache: 'postcss-import' => '/Users/phi/Library/Caches/typescript/4.4/node_modules/@types/postcss-import/index.d.ts'
[23:11:25.905] Adding entry into typings cache: 'postcss-modules-extract-imports' => '/Users/phi/Library/Caches/typescript/4.4/node_modules/@types/postcss-modules-extract-imports/index.d.ts'
[23:11:25.906] Adding entry into typings cache: 'postcss-modules-local-by-default' => '/Users/phi/Library/Caches/typescript/4.4/node_modules/@types/postcss-modules-local-by-default/index.d.ts'
[23:11:25.906] Adding entry into typings cache: 'postcss-modules-scope' => '/Users/phi/Library/Caches/typescript/4.4/node_modules/@types/postcss-modules-scope/index.d.ts'
[23:11:25.907] Adding entry into typings cache: 'postcss-modules-values' => '/Users/phi/Library/Caches/typescript/4.4/node_modules/@types/postcss-modules-values/index.d.ts'
[23:11:25.907] Adding entry into typings cache: 'postcss-preset-env' => '/Users/phi/Library/Caches/typescript/4.4/node_modules/@types/postcss-preset-env/index.d.ts'
[23:11:25.908] Adding entry into typings cache: 'prelude-ls' => '/Users/phi/Library/Caches/typescript/4.4/node_modules/@types/prelude-ls/index.d.ts'
[23:11:25.908] Adding entry into typings cache: 'progress' => '/Users/phi/Library/Caches/typescript/4.4/node_modules/@types/progress/index.d.ts'
[23:11:25.908] Adding entry into typings cache: 'promise-fs' => '/Users/phi/Library/Caches/typescript/4.4/node_modules/@types/promise-fs/index.d.ts'
[23:11:25.909] Adding entry into typings cache: 'promise-inflight' => '/Users/phi/Library/Caches/typescript/4.4/node_modules/@types/promise-inflight/index.d.ts'
[23:11:25.909] Adding entry into typings cache: 'promise-retry' => '/Users/phi/Library/Caches/typescript/4.4/node_modules/@types/promise-retry/index.d.ts'
[23:11:25.910] Adding entry into typings cache: 'proxy-addr' => '/Users/phi/Library/Caches/typescript/4.4/node_modules/@types/proxy-addr/index.d.ts'
[23:11:25.910] Adding entry into typings cache: 'pump' => '/Users/phi/Library/Caches/typescript/4.4/node_modules/@types/pump/index.d.ts'
[23:11:25.911] Adding entry into typings cache: 'punycode' => '/Users/phi/Library/Caches/typescript/4.4/node_modules/@types/punycode/index.d.ts'
[23:11:25.912] Adding entry into typings cache: 'qs' => '/Users/phi/Library/Caches/typescript/4.4/node_modules/@types/qs/index.d.ts'
[23:11:25.912] Adding entry into typings cache: 'randombytes' => '/Users/phi/Library/Caches/typescript/4.4/node_modules/@types/randombytes/index.d.ts'
[23:11:25.913] Adding entry into typings cache: 'range-parser' => '/Users/phi/Library/Caches/typescript/4.4/node_modules/@types/range-parser/index.d.ts'
[23:11:25.914] Adding entry into typings cache: 'readable-stream' => '/Users/phi/Library/Caches/typescript/4.4/node_modules/@types/readable-stream/index.d.ts'
[23:11:25.915] Adding entry into typings cache: 'regenerate' => '/Users/phi/Library/Caches/typescript/4.4/node_modules/@types/regenerate/index.d.ts'
[23:11:25.915] Adding entry into typings cache: 'regenerator-runtime' => '/Users/phi/Library/Caches/typescript/4.4/node_modules/@types/regenerator-runtime/index.d.ts'
[23:11:25.916] Adding entry into typings cache: 'require-directory' => '/Users/phi/Library/Caches/typescript/4.4/node_modules/@types/require-directory/index.d.ts'
[23:11:25.916] Adding entry into typings cache: 'require-from-string' => '/Users/phi/Library/Caches/typescript/4.4/node_modules/@types/require-from-string/index.d.ts'
[23:11:25.917] Adding entry into typings cache: 'requirejs' => '/Users/phi/Library/Caches/typescript/4.4/node_modules/@types/requirejs/index.d.ts'
[23:11:25.918] Adding entry into typings cache: 'requires-port' => '/Users/phi/Library/Caches/typescript/4.4/node_modules/@types/requires-port/index.d.ts'
[23:11:25.918] Adding entry into typings cache: 'resolve' => '/Users/phi/Library/Caches/typescript/4.4/node_modules/@types/resolve/index.d.ts'
[23:11:25.919] Adding entry into typings cache: 'responselike' => '/Users/phi/Library/Caches/typescript/4.4/node_modules/@types/responselike/index.d.ts'
[23:11:25.919] Adding entry into typings cache: 'retry' => '/Users/phi/Library/Caches/typescript/4.4/node_modules/@types/retry/index.d.ts'
[23:11:25.920] Adding entry into typings cache: 'rimraf' => '/Users/phi/Library/Caches/typescript/4.4/node_modules/@types/rimraf/index.d.ts'
[23:11:25.920] Adding entry into typings cache: 'roarr' => '/Users/phi/Library/Caches/typescript/4.4/node_modules/@types/roarr/index.d.ts'
[23:11:25.920] Adding entry into typings cache: 'run-parallel' => '/Users/phi/Library/Caches/typescript/4.4/node_modules/@types/run-parallel/index.d.ts'
[23:11:25.921] Adding entry into typings cache: 'safer-buffer' => '/Users/phi/Library/Caches/typescript/4.4/node_modules/@types/safer-buffer/index.d.ts'
[23:11:25.921] Adding entry into typings cache: 'sass' => '/Users/phi/Library/Caches/typescript/4.4/node_modules/@types/sass/index.d.ts'
[23:11:25.922] Adding entry into typings cache: 'sass-loader' => '/Users/phi/Library/Caches/typescript/4.4/node_modules/@types/sass-loader/index.d.ts'
[23:11:25.922] Adding entry into typings cache: 'sax' => '/Users/phi/Library/Caches/typescript/4.4/node_modules/@types/sax/index.d.ts'
[23:11:25.923] Adding entry into typings cache: 'semver' => '/Users/phi/Library/Caches/typescript/4.4/node_modules/@types/semver/index.d.ts'
[23:11:25.923] Adding entry into typings cache: 'semver-compare' => '/Users/phi/Library/Caches/typescript/4.4/node_modules/@types/semver-compare/index.d.ts'
[23:11:25.924] Adding entry into typings cache: 'send' => '/Users/phi/Library/Caches/typescript/4.4/node_modules/@types/send/index.d.ts'
[23:11:25.925] Adding entry into typings cache: 'serialize-javascript' => '/Users/phi/Library/Caches/typescript/4.4/node_modules/@types/serialize-javascript/index.d.ts'
[23:11:25.925] Adding entry into typings cache: 'serve-index' => '/Users/phi/Library/Caches/typescript/4.4/node_modules/@types/serve-index/index.d.ts'
[23:11:25.925] Adding entry into typings cache: 'serve-static' => '/Users/phi/Library/Caches/typescript/4.4/node_modules/@types/serve-static/index.d.ts'
[23:11:25.926] Adding entry into typings cache: 'shebang-command' => '/Users/phi/Library/Caches/typescript/4.4/node_modules/@types/shebang-command/index.d.ts'
[23:11:25.926] Adding entry into typings cache: 'signal-exit' => '/Users/phi/Library/Caches/typescript/4.4/node_modules/@types/signal-exit/index.d.ts'
[23:11:25.926] Adding entry into typings cache: 'sockjs' => '/Users/phi/Library/Caches/typescript/4.4/node_modules/@types/sockjs/index.d.ts'
[23:11:25.927] Adding entry into typings cache: 'source-map-support' => '/Users/phi/Library/Caches/typescript/4.4/node_modules/@types/source-map-support/index.d.ts'
[23:11:25.928] Adding entry into typings cache: 'spdx-expression-parse' => '/Users/phi/Library/Caches/typescript/4.4/node_modules/@types/spdx-expression-parse/index.d.ts'
[23:11:25.928] Adding entry into typings cache: 'spdy' => '/Users/phi/Library/Caches/typescript/4.4/node_modules/@types/spdy/index.d.ts'
[23:11:25.928] Adding entry into typings cache: 'sprintf' => '/Users/phi/Library/Caches/typescript/4.4/node_modules/@types/sprintf/index.d.ts'
[23:11:25.929] Adding entry into typings cache: 'sprintf-js' => '/Users/phi/Library/Caches/typescript/4.4/node_modules/@types/sprintf-js/index.d.ts'
[23:11:25.929] Adding entry into typings cache: 'ssri' => '/Users/phi/Library/Caches/typescript/4.4/node_modules/@types/ssri/index.d.ts'
[23:11:25.929] Adding entry into typings cache: 'statuses' => '/Users/phi/Library/Caches/typescript/4.4/node_modules/@types/statuses/index.d.ts'
[23:11:25.930] Adding entry into typings cache: 'strip-final-newline' => '/Users/phi/Library/Caches/typescript/4.4/node_modules/@types/strip-final-newline/index.d.ts'
[23:11:25.930] Adding entry into typings cache: 'stylus' => '/Users/phi/Library/Caches/typescript/4.4/node_modules/@types/stylus/index.d.ts'
[23:11:25.931] Adding entry into typings cache: 'supports-color' => '/Users/phi/Library/Caches/typescript/4.4/node_modules/@types/supports-color/index.d.ts'
[23:11:25.931] Adding entry into typings cache: 'tar' => '/Users/phi/Library/Caches/typescript/4.4/node_modules/@types/tar/index.d.ts'
[23:11:25.931] Adding entry into typings cache: 'text-table' => '/Users/phi/Library/Caches/typescript/4.4/node_modules/@types/text-table/index.d.ts'
[23:11:25.931] Adding entry into typings cache: 'through' => '/Users/phi/Library/Caches/typescript/4.4/node_modules/@types/through/index.d.ts'
[23:11:25.932] Adding entry into typings cache: 'thunky' => '/Users/phi/Library/Caches/typescript/4.4/node_modules/@types/thunky/index.d.ts'
[23:11:25.932] Adding entry into typings cache: 'tmp' => '/Users/phi/Library/Caches/typescript/4.4/node_modules/@types/tmp/index.d.ts'
[23:11:25.932] Adding entry into typings cache: 'tunnel' => '/Users/phi/Library/Caches/typescript/4.4/node_modules/@types/tunnel/index.d.ts'
[23:11:25.933] Adding entry into typings cache: 'type-check' => '/Users/phi/Library/Caches/typescript/4.4/node_modules/@types/type-check/index.d.ts'
[23:11:25.933] Adding entry into typings cache: 'type-is' => '/Users/phi/Library/Caches/typescript/4.4/node_modules/@types/type-is/index.d.ts'
[23:11:25.934] Adding entry into typings cache: 'ua-parser-js' => '/Users/phi/Library/Caches/typescript/4.4/node_modules/@types/ua-parser-js/index.d.ts'
[23:11:25.934] Adding entry into typings cache: 'uglifycss' => '/Users/phi/Library/Caches/typescript/4.4/node_modules/@types/uglifycss/index.d.ts'
[23:11:25.934] Adding entry into typings cache: 'uniq' => '/Users/phi/Library/Caches/typescript/4.4/node_modules/@types/uniq/index.d.ts'
[23:11:25.935] Adding entry into typings cache: 'universalify' => '/Users/phi/Library/Caches/typescript/4.4/node_modules/@types/universalify/index.d.ts'
[23:11:25.935] Adding entry into typings cache: 'url-parse-lax' => '/Users/phi/Library/Caches/typescript/4.4/node_modules/@types/url-parse-lax/index.d.ts'
[23:11:25.936] Adding entry into typings cache: 'util-deprecate' => '/Users/phi/Library/Caches/typescript/4.4/node_modules/@types/util-deprecate/index.d.ts'
[23:11:25.936] Adding entry into typings cache: 'utils-merge' => '/Users/phi/Library/Caches/typescript/4.4/node_modules/@types/utils-merge/index.d.ts'
[23:11:25.937] Adding entry into typings cache: 'uuid' => '/Users/phi/Library/Caches/typescript/4.4/node_modules/@types/uuid/index.d.ts'
[23:11:25.937] Adding entry into typings cache: 'validate-npm-package-name' => '/Users/phi/Library/Caches/typescript/4.4/node_modules/@types/validate-npm-package-name/index.d.ts'
[23:11:25.938] Adding entry into typings cache: 'vary' => '/Users/phi/Library/Caches/typescript/4.4/node_modules/@types/vary/index.d.ts'
[23:11:25.938] Adding entry into typings cache: 'void-elements' => '/Users/phi/Library/Caches/typescript/4.4/node_modules/@types/void-elements/index.d.ts'
[23:11:25.939] Adding entry into typings cache: 'watchify' => '/Users/phi/Library/Caches/typescript/4.4/node_modules/@types/watchify/index.d.ts'
[23:11:25.940] Adding entry into typings cache: 'watchpack' => '/Users/phi/Library/Caches/typescript/4.4/node_modules/@types/watchpack/index.d.ts'
[23:11:25.940] Adding entry into typings cache: 'wcwidth' => '/Users/phi/Library/Caches/typescript/4.4/node_modules/@types/wcwidth/index.d.ts'
[23:11:25.941] Adding entry into typings cache: 'webpack-dev-middleware' => '/Users/phi/Library/Caches/typescript/4.4/node_modules/@types/webpack-dev-middleware/index.d.ts'
[23:11:25.941] Adding entry into typings cache: 'webpack-dev-server' => '/Users/phi/Library/Caches/typescript/4.4/node_modules/@types/webpack-dev-server/index.d.ts'
[23:11:25.943] Adding entry into typings cache: 'webpack-sources' => '/Users/phi/Library/Caches/typescript/4.4/node_modules/@types/webpack-sources/index.d.ts'
[23:11:25.944] Adding entry into typings cache: 'which' => '/Users/phi/Library/Caches/typescript/4.4/node_modules/@types/which/index.d.ts'
[23:11:25.944] Adding entry into typings cache: 'wrap-ansi' => '/Users/phi/Library/Caches/typescript/4.4/node_modules/@types/wrap-ansi/index.d.ts'
[23:11:25.945] Adding entry into typings cache: 'ws' => '/Users/phi/Library/Caches/typescript/4.4/node_modules/@types/ws/index.d.ts'
[23:11:25.945] Adding entry into typings cache: 'yallist' => '/Users/phi/Library/Caches/typescript/4.4/node_modules/@types/yallist/index.d.ts'
[23:11:25.946] Adding entry into typings cache: 'yargs' => '/Users/phi/Library/Caches/typescript/4.4/node_modules/@types/yargs/index.d.ts'
[23:11:25.946] Adding entry into typings cache: 'yargs-parser' => '/Users/phi/Library/Caches/typescript/4.4/node_modules/@types/yargs-parser/index.d.ts'
[23:11:25.946] Adding entry into typings cache: 'yauzl' => '/Users/phi/Library/Caches/typescript/4.4/node_modules/@types/yauzl/index.d.ts'
[23:11:25.946] Finished processing cache location '/Users/phi/Library/Caches/typescript/4.4'
[23:11:25.947] Process id: 29749
[23:11:25.947] NPM location: /Users/phi/.nvm/versions/node/v17.0.1/bin/npm (explicit '--npmLocation' not  provided)
[23:11:25.947] validateDefaultNpmLocation: false
[23:11:25.947] Npm config file: /Users/phi/Library/Caches/typescript/4.4/package.json
[23:11:25.947] Updating types-registry npm package...
[23:11:25.947] Exec: /Users/phi/.nvm/versions/node/v17.0.1/bin/npm install --ignore-scripts types-registry@latest
[23:11:29.113]     Succeeded. stdout:
    
    up to date, audited 654 packages in 3s

17 packages are looking for funding
  run `npm fund` for details

15 vulnerabilities (11 moderate, 4 high)

To address issues that do not require attention, run:
  npm audit fix

To address all issues possible (including breaking changes), run:
  npm audit fix --force

Some issues need review, and may require choosing
a different dependency.

Run `npm audit` for details.

[23:11:29.113] Updated types-registry npm package
